<?xml version="1.0" encoding="UTF-8"?>
<!-- Generated by org.testng.reporters.JUnitXMLReporter -->
<testsuite hostname="DESKTOP-2EEMU5R" name="Default test" tests="11" failures="0" timestamp="28 May 2019 06:23:51 GMT" time="190.012" errors="0">
  <testcase name="existingUserORNewUser" time="6.543" classname="com.datamato.ExistingCustomerTest"/>
  <testcase name="existingUserLoginPage" time="8.063" classname="com.datamato.ExistingCustomerTest"/>
  <testcase name="recommendedOffersPage" time="4.757" classname="com.datamato.ExistingCustomerTest"/>
  <testcase name="PersonalLoanCalculator" time="11.535" classname="com.datamato.ExistingCustomerTest"/>
  <testcase name="PersonalLoanApplyNow" time="6.835" classname="com.datamato.ExistingCustomerTest"/>
  <testcase name="PersonalLoanSeeDetails" time="8.506" classname="com.datamato.ExistingCustomerTest"/>
  <testcase name="PocketInsurance" time="17.846" classname="com.datamato.ExistingCustomerTest"/>
  <testcase name="PocketInsuranceClickTravel" time="2.949" classname="com.datamato.ExistingCustomerTest"/>
  <testcase name="PocketInsuranceTravelBrochure" time="5.042" classname="com.datamato.ExistingCustomerTest"/>
  <testcase name="PocketInsuranceTravelKnowMore" time="5.678" classname="com.datamato.ExistingCustomerTest"/>
  <testcase name="PocketInsuranceTravelApplyNow" time="6.907" classname="com.datamato.ExistingCustomerTest"/>
</testsuite> <!-- Default test -->
