<?xml version="1.0" encoding="UTF-8"?>
<!-- Generated by org.testng.reporters.JUnitXMLReporter -->
<testsuite hostname="DESKTOP-2EEMU5R" name="Default test" tests="5" failures="0" timestamp="28 May 2019 12:45:33 GMT" time="191.842" errors="0">
  <testcase name="PocketInsurance1" time="24.299" classname="com.datamato.PocketInsurance"/>
  <testcase name="PocketInsuranceClickTravel" time="3.857" classname="com.datamato.PocketInsurance"/>
  <testcase name="PocketInsuranceTravelBrochure" time="5.844" classname="com.datamato.PocketInsurance"/>
  <testcase name="PocketInsuranceTravelKnowMore" time="5.108" classname="com.datamato.PocketInsurance"/>
  <testcase name="PocketInsuranceTravelApplyNow" time="135.997" classname="com.datamato.PocketInsurance"/>
</testsuite> <!-- Default test -->
